Started GET "/" for ::1 at 2021-12-29 13:29:01 +0530
  
ActiveRecord::PendingMigrationError (

Migrations are pending. To resolve this issue, run:

        bin/rails db:migrate RAILS_ENV=development

):
  
activerecord (5.2.6) lib/active_record/migration.rb:579:in `check_pending!'
activerecord (5.2.6) lib/active_record/migration.rb:556:in `call'
actionpack (5.2.6) lib/action_dispatch/middleware/callbacks.rb:28:in `block in call'
activesupport (5.2.6) lib/active_support/callbacks.rb:98:in `run_callbacks'
actionpack (5.2.6) lib/action_dispatch/middleware/callbacks.rb:26:in `call'
actionpack (5.2.6) lib/action_dispatch/middleware/executor.rb:14:in `call'
actionpack (5.2.6) lib/action_dispatch/middleware/debug_exceptions.rb:61:in `call'
web-console (3.7.0) lib/web_console/middleware.rb:135:in `call_app'
web-console (3.7.0) lib/web_console/middleware.rb:30:in `block in call'
web-console (3.7.0) lib/web_console/middleware.rb:20:in `catch'
web-console (3.7.0) lib/web_console/middleware.rb:20:in `call'
actionpack (5.2.6) lib/action_dispatch/middleware/show_exceptions.rb:33:in `call'
railties (5.2.6) lib/rails/rack/logger.rb:38:in `call_app'
railties (5.2.6) lib/rails/rack/logger.rb:26:in `block in call'
activesupport (5.2.6) lib/active_support/tagged_logging.rb:71:in `block in tagged'
activesupport (5.2.6) lib/active_support/tagged_logging.rb:28:in `tagged'
activesupport (5.2.6) lib/active_support/tagged_logging.rb:71:in `tagged'
railties (5.2.6) lib/rails/rack/logger.rb:26:in `call'
sprockets-rails (3.2.2) lib/sprockets/rails/quiet_assets.rb:13:in `call'
actionpack (5.2.6) lib/action_dispatch/middleware/remote_ip.rb:81:in `call'
actionpack (5.2.6) lib/action_dispatch/middleware/request_id.rb:27:in `call'
rack (2.2.3) lib/rack/method_override.rb:24:in `call'
rack (2.2.3) lib/rack/runtime.rb:22:in `call'
activesupport (5.2.6) lib/active_support/cache/strategy/local_cache_middleware.rb:29:in `call'
actionpack (5.2.6) lib/action_dispatch/middleware/executor.rb:14:in `call'
rack-livereload (0.3.17) lib/rack/livereload.rb:23:in `_call'
rack-livereload (0.3.17) lib/rack/livereload.rb:14:in `call'
actionpack (5.2.6) lib/action_dispatch/middleware/static.rb:127:in `call'
rack (2.2.3) lib/rack/sendfile.rb:110:in `call'
railties (5.2.6) lib/rails/engine.rb:524:in `call'
puma (3.12.6) lib/puma/configuration.rb:227:in `call'
puma (3.12.6) lib/puma/server.rb:706:in `handle_request'
puma (3.12.6) lib/puma/server.rb:476:in `process_client'
puma (3.12.6) lib/puma/server.rb:334:in `block in run'
puma (3.12.6) lib/puma/thread_pool.rb:135:in `block in spawn_thread'
Started GET "/blogs" for ::1 at 2021-12-29 13:29:20 +0530
  
ActiveRecord::PendingMigrationError (

Migrations are pending. To resolve this issue, run:

        bin/rails db:migrate RAILS_ENV=development

):
  
activerecord (5.2.6) lib/active_record/migration.rb:579:in `check_pending!'
activerecord (5.2.6) lib/active_record/migration.rb:556:in `call'
actionpack (5.2.6) lib/action_dispatch/middleware/callbacks.rb:28:in `block in call'
activesupport (5.2.6) lib/active_support/callbacks.rb:98:in `run_callbacks'
actionpack (5.2.6) lib/action_dispatch/middleware/callbacks.rb:26:in `call'
actionpack (5.2.6) lib/action_dispatch/middleware/executor.rb:14:in `call'
actionpack (5.2.6) lib/action_dispatch/middleware/debug_exceptions.rb:61:in `call'
web-console (3.7.0) lib/web_console/middleware.rb:135:in `call_app'
web-console (3.7.0) lib/web_console/middleware.rb:30:in `block in call'
web-console (3.7.0) lib/web_console/middleware.rb:20:in `catch'
web-console (3.7.0) lib/web_console/middleware.rb:20:in `call'
actionpack (5.2.6) lib/action_dispatch/middleware/show_exceptions.rb:33:in `call'
railties (5.2.6) lib/rails/rack/logger.rb:38:in `call_app'
railties (5.2.6) lib/rails/rack/logger.rb:26:in `block in call'
activesupport (5.2.6) lib/active_support/tagged_logging.rb:71:in `block in tagged'
activesupport (5.2.6) lib/active_support/tagged_logging.rb:28:in `tagged'
activesupport (5.2.6) lib/active_support/tagged_logging.rb:71:in `tagged'
railties (5.2.6) lib/rails/rack/logger.rb:26:in `call'
sprockets-rails (3.2.2) lib/sprockets/rails/quiet_assets.rb:13:in `call'
actionpack (5.2.6) lib/action_dispatch/middleware/remote_ip.rb:81:in `call'
actionpack (5.2.6) lib/action_dispatch/middleware/request_id.rb:27:in `call'
rack (2.2.3) lib/rack/method_override.rb:24:in `call'
rack (2.2.3) lib/rack/runtime.rb:22:in `call'
activesupport (5.2.6) lib/active_support/cache/strategy/local_cache_middleware.rb:29:in `call'
actionpack (5.2.6) lib/action_dispatch/middleware/executor.rb:14:in `call'
rack-livereload (0.3.17) lib/rack/livereload.rb:23:in `_call'
rack-livereload (0.3.17) lib/rack/livereload.rb:14:in `call'
actionpack (5.2.6) lib/action_dispatch/middleware/static.rb:127:in `call'
rack (2.2.3) lib/rack/sendfile.rb:110:in `call'
railties (5.2.6) lib/rails/engine.rb:524:in `call'
puma (3.12.6) lib/puma/configuration.rb:227:in `call'
puma (3.12.6) lib/puma/server.rb:706:in `handle_request'
puma (3.12.6) lib/puma/server.rb:476:in `process_client'
puma (3.12.6) lib/puma/server.rb:334:in `block in run'
puma (3.12.6) lib/puma/thread_pool.rb:135:in `block in spawn_thread'
  [1m[35m (0.1ms)[0m  [1m[34mSELECT sqlite_version(*)[0m
  ↳ /home/webonise/.rbenv/versions/2.6.1/bin/rake:23
  [1m[35m (36.6ms)[0m  [1m[35mCREATE TABLE "schema_migrations" ("version" varchar NOT NULL PRIMARY KEY)[0m
  ↳ /home/webonise/.rbenv/versions/2.6.1/bin/rake:23
  [1m[35m (3.4ms)[0m  [1m[35mCREATE TABLE "ar_internal_metadata" ("key" varchar NOT NULL PRIMARY KEY, "value" varchar, "created_at" datetime NOT NULL, "updated_at" datetime NOT NULL)[0m
  ↳ /home/webonise/.rbenv/versions/2.6.1/bin/rake:23
  [1m[35m (0.2ms)[0m  [1m[34mSELECT "schema_migrations"."version" FROM "schema_migrations" ORDER BY "schema_migrations"."version" ASC[0m
  ↳ /home/webonise/.rbenv/versions/2.6.1/bin/rake:23
Migrating to CreateBlogs (20211006143647)
  [1m[35m (0.1ms)[0m  [1m[36mbegin transaction[0m
  ↳ /home/webonise/.rbenv/versions/2.6.1/bin/rake:23
  [1m[35m (0.5ms)[0m  [1m[35mCREATE TABLE "blogs" ("id" integer PRIMARY KEY AUTOINCREMENT NOT NULL, "title" varchar, "body" text, "created_at" datetime NOT NULL, "updated_at" datetime NOT NULL)[0m
  ↳ db/migrate/20211006143647_create_blogs.rb:3
  [1m[36mActiveRecord::SchemaMigration Create (0.2ms)[0m  [1m[32mINSERT INTO "schema_migrations" ("version") VALUES (?)[0m  [["version", "20211006143647"]]
  ↳ /home/webonise/.rbenv/versions/2.6.1/bin/rake:23
  [1m[35m (3.1ms)[0m  [1m[36mcommit transaction[0m
  ↳ /home/webonise/.rbenv/versions/2.6.1/bin/rake:23
Migrating to Blog (20211007093931)
  [1m[35m (0.1ms)[0m  [1m[36mbegin transaction[0m
  ↳ /home/webonise/.rbenv/versions/2.6.1/bin/rake:23
  [1m[36mActiveRecord::SchemaMigration Create (0.3ms)[0m  [1m[32mINSERT INTO "schema_migrations" ("version") VALUES (?)[0m  [["version", "20211007093931"]]
  ↳ /home/webonise/.rbenv/versions/2.6.1/bin/rake:23
  [1m[35m (3.1ms)[0m  [1m[36mcommit transaction[0m
  ↳ /home/webonise/.rbenv/versions/2.6.1/bin/rake:23
Migrating to AddIspublishedToBlog (20211007100343)
  [1m[35m (0.0ms)[0m  [1m[36mbegin transaction[0m
  ↳ /home/webonise/.rbenv/versions/2.6.1/bin/rake:23
  [1m[35m (0.3ms)[0m  [1m[35mALTER TABLE "blogs" ADD "ispublished" boolean DEFAULT 0[0m
  ↳ db/migrate/20211007100343_add_ispublished_to_blog.rb:3
  [1m[36mActiveRecord::SchemaMigration Create (0.1ms)[0m  [1m[32mINSERT INTO "schema_migrations" ("version") VALUES (?)[0m  [["version", "20211007100343"]]
  ↳ /home/webonise/.rbenv/versions/2.6.1/bin/rake:23
  [1m[35m (2.2ms)[0m  [1m[36mcommit transaction[0m
  ↳ /home/webonise/.rbenv/versions/2.6.1/bin/rake:23
Migrating to CreateComments (20211011073812)
  [1m[35m (0.0ms)[0m  [1m[36mbegin transaction[0m
  ↳ /home/webonise/.rbenv/versions/2.6.1/bin/rake:23
  [1m[35m (0.3ms)[0m  [1m[35mCREATE TABLE "comments" ("id" integer PRIMARY KEY AUTOINCREMENT NOT NULL, "commenter" varchar, "body" text, "blog_id" integer, "created_at" datetime NOT NULL, "updated_at" datetime NOT NULL, CONSTRAINT "fk_rails_b9ae98a823"
FOREIGN KEY ("blog_id")
  REFERENCES "blogs" ("id")
)[0m
  ↳ db/migrate/20211011073812_create_comments.rb:3
  [1m[35m (0.2ms)[0m  [1m[35mCREATE  INDEX "index_comments_on_blog_id" ON "comments" ("blog_id")[0m
  ↳ db/migrate/20211011073812_create_comments.rb:3
  [1m[36mActiveRecord::SchemaMigration Create (0.1ms)[0m  [1m[32mINSERT INTO "schema_migrations" ("version") VALUES (?)[0m  [["version", "20211011073812"]]
  ↳ /home/webonise/.rbenv/versions/2.6.1/bin/rake:23
  [1m[35m (3.0ms)[0m  [1m[36mcommit transaction[0m
  ↳ /home/webonise/.rbenv/versions/2.6.1/bin/rake:23
Migrating to AddSlugToBlog (20211012115137)
  [1m[35m (0.1ms)[0m  [1m[36mbegin transaction[0m
  ↳ /home/webonise/.rbenv/versions/2.6.1/bin/rake:23
  [1m[35m (0.4ms)[0m  [1m[35mALTER TABLE "blogs" ADD "slug" varchar[0m
  ↳ db/migrate/20211012115137_add_slug_to_blog.rb:3
  [1m[35m (0.1ms)[0m  [1m[35mCREATE UNIQUE INDEX "index_blogs_on_slug" ON "blogs" ("slug")[0m
  ↳ db/migrate/20211012115137_add_slug_to_blog.rb:4
  [1m[36mActiveRecord::SchemaMigration Create (0.1ms)[0m  [1m[32mINSERT INTO "schema_migrations" ("version") VALUES (?)[0m  [["version", "20211012115137"]]
  ↳ /home/webonise/.rbenv/versions/2.6.1/bin/rake:23
  [1m[35m (13.3ms)[0m  [1m[36mcommit transaction[0m
  ↳ /home/webonise/.rbenv/versions/2.6.1/bin/rake:23
Migrating to CreateFriendlyIdSlugs (20211012115151)
  [1m[35m (0.1ms)[0m  [1m[36mbegin transaction[0m
  ↳ /home/webonise/.rbenv/versions/2.6.1/bin/rake:23
  [1m[35m (0.4ms)[0m  [1m[35mCREATE TABLE "friendly_id_slugs" ("id" integer PRIMARY KEY AUTOINCREMENT NOT NULL, "slug" varchar NOT NULL, "sluggable_id" integer NOT NULL, "sluggable_type" varchar(50), "scope" varchar, "created_at" datetime)[0m
  ↳ db/migrate/20211012115151_create_friendly_id_slugs.rb:10
  [1m[35m (0.2ms)[0m  [1m[35mCREATE  INDEX "index_friendly_id_slugs_on_sluggable_type_and_sluggable_id" ON "friendly_id_slugs" ("sluggable_type", "sluggable_id")[0m
  ↳ db/migrate/20211012115151_create_friendly_id_slugs.rb:17
  [1m[35m (0.2ms)[0m  [1m[35mCREATE  INDEX "index_friendly_id_slugs_on_slug_and_sluggable_type" ON "friendly_id_slugs" ("slug", "sluggable_type")[0m
  ↳ db/migrate/20211012115151_create_friendly_id_slugs.rb:18
  [1m[35m (0.2ms)[0m  [1m[35mCREATE UNIQUE INDEX "index_friendly_id_slugs_on_slug_and_sluggable_type_and_scope" ON "friendly_id_slugs" ("slug", "sluggable_type", "scope")[0m
  ↳ db/migrate/20211012115151_create_friendly_id_slugs.rb:19
  [1m[36mActiveRecord::SchemaMigration Create (0.2ms)[0m  [1m[32mINSERT INTO "schema_migrations" ("version") VALUES (?)[0m  [["version", "20211012115151"]]
  ↳ /home/webonise/.rbenv/versions/2.6.1/bin/rake:23
  [1m[35m (5.1ms)[0m  [1m[36mcommit transaction[0m
  ↳ /home/webonise/.rbenv/versions/2.6.1/bin/rake:23
  [1m[36mActiveRecord::InternalMetadata Load (0.3ms)[0m  [1m[34mSELECT  "ar_internal_metadata".* FROM "ar_internal_metadata" WHERE "ar_internal_metadata"."key" = ? LIMIT ?[0m  [["key", "environment"], ["LIMIT", 1]]
  ↳ /home/webonise/.rbenv/versions/2.6.1/bin/rake:23
  [1m[35m (0.1ms)[0m  [1m[36mbegin transaction[0m
  ↳ /home/webonise/.rbenv/versions/2.6.1/bin/rake:23
  [1m[36mActiveRecord::InternalMetadata Create (0.3ms)[0m  [1m[32mINSERT INTO "ar_internal_metadata" ("key", "value", "created_at", "updated_at") VALUES (?, ?, ?, ?)[0m  [["key", "environment"], ["value", "development"], ["created_at", "2021-12-29 07:59:35.467131"], ["updated_at", "2021-12-29 07:59:35.467131"]]
  ↳ /home/webonise/.rbenv/versions/2.6.1/bin/rake:23
  [1m[35m (13.0ms)[0m  [1m[36mcommit transaction[0m
  ↳ /home/webonise/.rbenv/versions/2.6.1/bin/rake:23
  [1m[35m (0.1ms)[0m  [1m[34mSELECT "schema_migrations"."version" FROM "schema_migrations" ORDER BY "schema_migrations"."version" ASC[0m
  ↳ /home/webonise/.rbenv/versions/2.6.1/bin/rake:23
Started GET "/blogs" for ::1 at 2021-12-29 13:29:49 +0530
  [1m[35m (0.1ms)[0m  [1m[34mSELECT "schema_migrations"."version" FROM "schema_migrations" ORDER BY "schema_migrations"."version" ASC[0m
  ↳ /usr/share/rvm/gems/ruby-2.5.0/gems/activerecord-5.2.6/lib/active_record/log_subscriber.rb:98
Processing by BlogsController#index as HTML
  Rendering blogs/index.html.erb within layouts/application
  [1m[36mBlog Load (0.2ms)[0m  [1m[34mSELECT "blogs".* FROM "blogs"[0m
  ↳ app/views/blogs/index.html.erb:3
  Rendered blogs/index.html.erb within layouts/application (2.8ms)
Completed 200 OK in 440ms (Views: 429.2ms | ActiveRecord: 0.4ms)


Started GET "/blogs/new" for ::1 at 2021-12-29 13:29:52 +0530
Processing by BlogsController#new as HTML
  Rendering blogs/new.html.erb within layouts/application
  Rendered blogs/_form.html.erb (12.8ms)
  Rendered blogs/new.html.erb within layouts/application (13.8ms)
Completed 200 OK in 45ms (Views: 23.9ms | ActiveRecord: 1.4ms)


Started POST "/blogs" for ::1 at 2021-12-29 13:30:05 +0530
Processing by BlogsController#create as JS
  Parameters: {"utf8"=>"✓", "authenticity_token"=>"+aiMdTIiRWX7pK2vqDNtUs9pdpSJmFTymg9KhqZJQ/w+1qNB00q8Kor0b8h5yRoaXKdG0Im7JUZc76E2ZJxtXQ==", "blog"=>{"title"=>"shivanjalee", "body"=>"This is my first blog\n"}, "commit"=>"Create Blog"}
  [1m[35m (0.1ms)[0m  [1m[36mbegin transaction[0m
  ↳ app/controllers/blogs_controller.rb:19
  [1m[36mBlog Exists (0.1ms)[0m  [1m[34mSELECT  1 AS one FROM "blogs" WHERE "blogs"."id" IS NOT NULL AND "blogs"."slug" = ? LIMIT ?[0m  [["slug", "shivanjalee"], ["LIMIT", 1]]
  ↳ app/controllers/blogs_controller.rb:19
  [1m[36mBlog Create (0.2ms)[0m  [1m[32mINSERT INTO "blogs" ("title", "body", "created_at", "updated_at", "slug") VALUES (?, ?, ?, ?, ?)[0m  [["title", "shivanjalee"], ["body", "This is my first blog\n"], ["created_at", "2021-12-29 08:00:05.819661"], ["updated_at", "2021-12-29 08:00:05.819661"], ["slug", "shivanjalee"]]
  ↳ app/controllers/blogs_controller.rb:19
  [1m[35m (2.8ms)[0m  [1m[36mcommit transaction[0m
  ↳ app/controllers/blogs_controller.rb:19
Redirected to http://localhost:3000/blogs/shivanjalee
Completed 200 OK in 74ms (ActiveRecord: 3.3ms)


Started GET "/blogs/shivanjalee" for ::1 at 2021-12-29 13:30:05 +0530
Processing by BlogsController#show as HTML
  Parameters: {"id"=>"shivanjalee"}
  [1m[36mBlog Load (0.3ms)[0m  [1m[34mSELECT  "blogs".* FROM "blogs" WHERE "blogs"."slug" = ? LIMIT ?[0m  [["slug", "shivanjalee"], ["LIMIT", 1]]
  ↳ app/controllers/blogs_controller.rb:9
  Rendering blogs/show.html.erb within layouts/application
  [1m[36mComment Load (0.1ms)[0m  [1m[34mSELECT "comments".* FROM "comments" WHERE "comments"."blog_id" = ?[0m  [["blog_id", 1]]
  ↳ app/views/blogs/show.html.erb:17
  Rendered collection of templates [0 times] (0.0ms)
  Rendered comments/_form.html.erb (9.4ms)
  Rendered blogs/show.html.erb within layouts/application (23.9ms)
Completed 200 OK in 42ms (Views: 37.9ms | ActiveRecord: 0.8ms)


Started DELETE "/blogs/shivanjalee" for ::1 at 2021-12-29 13:30:13 +0530
Processing by BlogsController#destroy as HTML
  Parameters: {"authenticity_token"=>"5HGfTC5EtghkcwY5ayBGPpsLik3TD+41FJT8WIDx5KmzD1yFgVZJrpOBWwEuJgjyKWUVWPxs/u6lo1m4REWiRg==", "id"=>"shivanjalee"}
  [1m[36mBlog Load (0.1ms)[0m  [1m[34mSELECT  "blogs".* FROM "blogs" WHERE "blogs"."slug" = ? LIMIT ?[0m  [["slug", "shivanjalee"], ["LIMIT", 1]]
  ↳ app/controllers/blogs_controller.rb:54
  [1m[35m (0.0ms)[0m  [1m[36mbegin transaction[0m
  ↳ app/controllers/blogs_controller.rb:43
  [1m[36mBlog Destroy (0.2ms)[0m  [1m[31mDELETE FROM "blogs" WHERE "blogs"."id" = ?[0m  [["id", 1]]
  ↳ app/controllers/blogs_controller.rb:43
  [1m[35m (3.1ms)[0m  [1m[36mcommit transaction[0m
  ↳ app/controllers/blogs_controller.rb:43
Redirected to http://localhost:3000/
Completed 302 Found in 7ms (ActiveRecord: 3.4ms)


Started GET "/" for ::1 at 2021-12-29 13:30:13 +0530
Processing by BlogsController#index as HTML
  Rendering blogs/index.html.erb within layouts/application
  [1m[36mBlog Load (0.1ms)[0m  [1m[34mSELECT "blogs".* FROM "blogs"[0m
  ↳ app/views/blogs/index.html.erb:3
  Rendered blogs/index.html.erb within layouts/application (0.9ms)
Completed 200 OK in 13ms (Views: 12.3ms | ActiveRecord: 0.1ms)


Started GET "/blogs/new" for ::1 at 2021-12-29 13:30:15 +0530
Processing by BlogsController#new as HTML
  Rendering blogs/new.html.erb within layouts/application
  Rendered blogs/_form.html.erb (8.8ms)
  Rendered blogs/new.html.erb within layouts/application (12.2ms)
Completed 200 OK in 38ms (Views: 35.1ms | ActiveRecord: 0.0ms)


Started GET "/blogs/new" for ::1 at 2021-12-29 13:31:31 +0530
  [1m[35m (1.3ms)[0m  [1m[34mSELECT sqlite_version(*)[0m
  [1m[35m (0.1ms)[0m  [1m[34mSELECT "schema_migrations"."version" FROM "schema_migrations" ORDER BY "schema_migrations"."version" ASC[0m
Processing by BlogsController#new as HTML
  Rendering layout layouts/application.html.erb
  Rendering blogs/new.html.erb within layouts/application
  Rendered blogs/_form.html.erb (Duration: 14.5ms | Allocations: 5171)
  Rendered blogs/new.html.erb within layouts/application (Duration: 15.8ms | Allocations: 5742)
  Rendered layout layouts/application.html.erb (Duration: 238.9ms | Allocations: 333892)
Completed 200 OK in 275ms (Views: 243.0ms | ActiveRecord: 0.6ms | Allocations: 345306)


Started GET "/blogs/edit" for ::1 at 2021-12-29 13:31:37 +0530
Processing by BlogsController#show as HTML
  Parameters: {"id"=>"edit"}
  [1m[36mBlog Load (0.3ms)[0m  [1m[34mSELECT "blogs".* FROM "blogs" WHERE "blogs"."slug" = ? LIMIT ?[0m  [["slug", "edit"], ["LIMIT", 1]]
  ↳ app/controllers/blogs_controller.rb:9:in `show'
Completed 404 Not Found in 6ms (ActiveRecord: 0.3ms | Allocations: 2338)


  
ActiveRecord::RecordNotFound (can't find record with friendly id: "edit"):
  
app/controllers/blogs_controller.rb:9:in `show'
Started GET "/blogs" for ::1 at 2021-12-29 13:31:58 +0530
Processing by BlogsController#index as HTML
  Rendering layout layouts/application.html.erb
  Rendering blogs/index.html.erb within layouts/application
  [1m[36mBlog Load (0.3ms)[0m  [1m[34mSELECT "blogs".* FROM "blogs"[0m
  ↳ app/views/blogs/index.html.erb:3
  Rendered blogs/index.html.erb within layouts/application (Duration: 3.1ms | Allocations: 867)
  Rendered layout layouts/application.html.erb (Duration: 30.8ms | Allocations: 15254)
Completed 200 OK in 34ms (Views: 31.5ms | ActiveRecord: 0.3ms | Allocations: 15930)


Started GET "/blogs/new" for ::1 at 2021-12-29 13:32:00 +0530
Processing by BlogsController#new as HTML
  Rendering layout layouts/application.html.erb
  Rendering blogs/new.html.erb within layouts/application
  Rendered blogs/_form.html.erb (Duration: 7.3ms | Allocations: 748)
  Rendered blogs/new.html.erb within layouts/application (Duration: 8.1ms | Allocations: 810)
  Rendered layout layouts/application.html.erb (Duration: 31.7ms | Allocations: 14993)
Completed 200 OK in 36ms (Views: 32.9ms | ActiveRecord: 0.0ms | Allocations: 15467)


Started GET "/blogs/new" for ::1 at 2021-12-29 13:32:47 +0530
Processing by BlogsController#new as HTML
  Rendering layout layouts/application.html.erb
  Rendering blogs/new.html.erb within layouts/application
  Rendered blogs/_form.html.erb (Duration: 3.3ms | Allocations: 864)
  Rendered blogs/new.html.erb within layouts/application (Duration: 4.7ms | Allocations: 1157)
  Rendered layout layouts/application.html.erb (Duration: 28.4ms | Allocations: 15532)
Completed 200 OK in 33ms (Views: 30.5ms | ActiveRecord: 0.0ms | Allocations: 16749)


Started GET "/blogs" for ::1 at 2021-12-29 13:32:51 +0530
Processing by BlogsController#index as HTML
  Rendering layout layouts/application.html.erb
  Rendering blogs/index.html.erb within layouts/application
  [1m[36mBlog Load (0.1ms)[0m  [1m[34mSELECT "blogs".* FROM "blogs"[0m
  ↳ app/views/blogs/index.html.erb:3
  Rendered blogs/index.html.erb within layouts/application (Duration: 2.1ms | Allocations: 759)
  Rendered layout layouts/application.html.erb (Duration: 40.4ms | Allocations: 14946)
Completed 200 OK in 42ms (Views: 40.6ms | ActiveRecord: 0.1ms | Allocations: 15524)


Started GET "/blogs/new" for ::1 at 2021-12-29 13:32:53 +0530
Processing by BlogsController#new as HTML
  Rendering layout layouts/application.html.erb
  Rendering blogs/new.html.erb within layouts/application
  Rendered blogs/_form.html.erb (Duration: 6.0ms | Allocations: 663)
  Rendered blogs/new.html.erb within layouts/application (Duration: 7.0ms | Allocations: 723)
  Rendered layout layouts/application.html.erb (Duration: 29.5ms | Allocations: 14906)
Completed 200 OK in 32ms (Views: 30.7ms | ActiveRecord: 0.0ms | Allocations: 15359)


Started GET "/blogs" for ::1 at 2021-12-29 13:34:50 +0530
  [1m[35m (0.3ms)[0m  [1m[34mSELECT sqlite_version(*)[0m
  [1m[35m (0.1ms)[0m  [1m[34mSELECT "schema_migrations"."version" FROM "schema_migrations" ORDER BY "schema_migrations"."version" ASC[0m
Processing by BlogsController#index as HTML
  Rendering layout layouts/application.html.erb
  Rendering blogs/index.html.erb within layouts/application
  [1m[36mBlog Load (0.1ms)[0m  [1m[34mSELECT "blogs".* FROM "blogs"[0m
  ↳ app/views/blogs/index.html.erb:3
  Rendered blogs/index.html.erb within layouts/application (Duration: 1.5ms | Allocations: 935)
  Rendered layout layouts/application.html.erb (Duration: 204.6ms | Allocations: 303769)
Completed 200 OK in 222ms (Views: 206.3ms | ActiveRecord: 0.1ms | Allocations: 310085)


Started GET "/blogs/new" for ::1 at 2021-12-29 13:34:52 +0530
Processing by BlogsController#new as HTML
  Rendering layout layouts/application.html.erb
  Rendering blogs/new.html.erb within layouts/application
  Rendered blogs/_form.html.erb (Duration: 4.3ms | Allocations: 2716)
  Rendered blogs/new.html.erb within layouts/application (Duration: 5.3ms | Allocations: 3024)
  Rendered layout layouts/application.html.erb (Duration: 16.1ms | Allocations: 17219)
Completed 200 OK in 38ms (Views: 16.8ms | ActiveRecord: 3.4ms | Allocations: 21866)


Started POST "/blogs" for ::1 at 2021-12-29 13:35:03 +0530
Processing by BlogsController#create as JS
  Parameters: {"utf8"=>"✓", "authenticity_token"=>"Xflfu6oBQrpxJslxSAEpn3ji/g/mXgOT1DsPj4G/Po+ah3CPS2m79QB2CxaZ+17X6yzOS+Z9cicS2+Q/Q2oQLg==", "blog"=>{"title"=>"shivanjalee", "body"=>"this is my blog\n"}, "commit"=>"Create Blog"}
  [1m[36mTRANSACTION (0.1ms)[0m  [1m[36mbegin transaction[0m
  ↳ app/controllers/blogs_controller.rb:19:in `create'
  [1m[36mBlog Exists? (0.1ms)[0m  [1m[34mSELECT 1 AS one FROM "blogs" WHERE "blogs"."id" IS NOT NULL AND "blogs"."slug" = ? LIMIT ?[0m  [["slug", "shivanjalee"], ["LIMIT", 1]]
  ↳ app/controllers/blogs_controller.rb:19:in `create'
  [1m[36mBlog Create (0.2ms)[0m  [1m[32mINSERT INTO "blogs" ("title", "body", "created_at", "updated_at", "slug") VALUES (?, ?, ?, ?, ?)[0m  [["title", "shivanjalee"], ["body", "this is my blog\n"], ["created_at", "2021-12-29 08:05:03.880103"], ["updated_at", "2021-12-29 08:05:03.880103"], ["slug", "shivanjalee"]]
  ↳ app/controllers/blogs_controller.rb:19:in `create'
  [1m[36mTRANSACTION (3.4ms)[0m  [1m[36mcommit transaction[0m
  ↳ app/controllers/blogs_controller.rb:19:in `create'
Redirected to http://localhost:3000/blogs/shivanjalee
Completed 200 OK in 86ms (ActiveRecord: 3.8ms | Allocations: 56311)


Started GET "/blogs/shivanjalee" for ::1 at 2021-12-29 13:35:03 +0530
Processing by BlogsController#show as HTML
  Parameters: {"id"=>"shivanjalee"}
  [1m[36mBlog Load (0.2ms)[0m  [1m[34mSELECT "blogs".* FROM "blogs" WHERE "blogs"."slug" = ? LIMIT ?[0m  [["slug", "shivanjalee"], ["LIMIT", 1]]
  ↳ app/controllers/blogs_controller.rb:9:in `show'
  Rendering layout layouts/application.html.erb
  Rendering blogs/show.html.erb within layouts/application
  [1m[36mComment Load (0.2ms)[0m  [1m[34mSELECT "comments".* FROM "comments" WHERE "comments"."blog_id" = ?[0m  [["blog_id", 2]]
  ↳ app/views/blogs/show.html.erb:17
  Rendered collection of templates [0 times] (Duration: 0.0ms | Allocations: 12)
  Rendered comments/_form.html.erb (Duration: 14.8ms | Allocations: 5976)
  Rendered blogs/show.html.erb within layouts/application (Duration: 37.0ms | Allocations: 14137)
  Rendered layout layouts/application.html.erb (Duration: 52.7ms | Allocations: 28331)
Completed 200 OK in 56ms (Views: 52.4ms | ActiveRecord: 1.1ms | Allocations: 29500)


Started POST "/blogs/shivanjalee/comments" for ::1 at 2021-12-29 13:35:08 +0530
Processing by CommentsController#create as JS
  Parameters: {"utf8"=>"✓", "authenticity_token"=>"9gwJBTDJRkHCqc+7PzIf/AcXxl6FmKpcjWtsrRMayYAGdYBpNqx1g1bGJApzgpgazQcydgVNEvzwoxcV13YTNQ==", "comment"=>{"name"=>"", "body"=>""}, "commit"=>"Create Comment", "blog_id"=>"shivanjalee"}
  [1m[36mBlog Load (0.2ms)[0m  [1m[34mSELECT "blogs".* FROM "blogs" WHERE "blogs"."id" = ? LIMIT ?[0m  [["id", nil], ["LIMIT", 1]]
  ↳ app/controllers/comments_controller.rb:3:in `create'
Completed 404 Not Found in 3ms (ActiveRecord: 0.2ms | Allocations: 1256)


  
ActiveRecord::RecordNotFound (Couldn't find Blog with 'id'=shivanjalee):
  
app/controllers/comments_controller.rb:3:in `create'
Started DELETE "/blogs/shivanjalee" for ::1 at 2021-12-29 13:35:12 +0530
Processing by BlogsController#destroy as HTML
  Parameters: {"authenticity_token"=>"b9seYDlwc6LaJF219Wiuqt7xXNT5HqT0H5LMCI0aR6M4pd2plmKMBC3WAI2wbuBmbJ/DwdZ9tC+upWnoSa4BTA==", "id"=>"shivanjalee"}
  [1m[36mBlog Load (0.4ms)[0m  [1m[34mSELECT "blogs".* FROM "blogs" WHERE "blogs"."slug" = ? LIMIT ?[0m  [["slug", "shivanjalee"], ["LIMIT", 1]]
  ↳ app/controllers/blogs_controller.rb:54:in `find_id'
  [1m[36mTRANSACTION (0.1ms)[0m  [1m[36mbegin transaction[0m
  ↳ app/controllers/blogs_controller.rb:43:in `destroy'
  [1m[36mBlog Destroy (0.4ms)[0m  [1m[31mDELETE FROM "blogs" WHERE "blogs"."id" = ?[0m  [["id", 2]]
  ↳ app/controllers/blogs_controller.rb:43:in `destroy'
  [1m[36mTRANSACTION (7.9ms)[0m  [1m[36mcommit transaction[0m
  ↳ app/controllers/blogs_controller.rb:43:in `destroy'
Redirected to http://localhost:3000/
Completed 302 Found in 21ms (ActiveRecord: 8.9ms | Allocations: 3388)


Started GET "/" for ::1 at 2021-12-29 13:35:12 +0530
Processing by BlogsController#index as HTML
  Rendering layout layouts/application.html.erb
  Rendering blogs/index.html.erb within layouts/application
  [1m[36mBlog Load (0.2ms)[0m  [1m[34mSELECT "blogs".* FROM "blogs"[0m
  ↳ app/views/blogs/index.html.erb:3
  Rendered blogs/index.html.erb within layouts/application (Duration: 1.7ms | Allocations: 519)
  Rendered layout layouts/application.html.erb (Duration: 12.8ms | Allocations: 14816)
Completed 200 OK in 14ms (Views: 13.5ms | ActiveRecord: 0.2ms | Allocations: 15316)


Started GET "/" for ::1 at 2021-12-29 13:35:38 +0530
Processing by BlogsController#index as HTML
  Rendering layout layouts/application.html.erb
  Rendering blogs/index.html.erb within layouts/application
  [1m[36mBlog Load (0.1ms)[0m  [1m[34mSELECT "blogs".* FROM "blogs"[0m
  ↳ app/views/blogs/index.html.erb:3
  Rendered blogs/index.html.erb within layouts/application (Duration: 1.9ms | Allocations: 771)
  Rendered layout layouts/application.html.erb (Duration: 14.7ms | Allocations: 15152)
Completed 200 OK in 18ms (Views: 16.8ms | ActiveRecord: 0.1ms | Allocations: 16365)


Started GET "/blogs/new" for ::1 at 2021-12-29 13:35:40 +0530
Processing by BlogsController#new as HTML
  Rendering layout layouts/application.html.erb
  Rendering blogs/new.html.erb within layouts/application
  Rendered blogs/_form.html.erb (Duration: 8.1ms | Allocations: 946)
  Rendered blogs/new.html.erb within layouts/application (Duration: 11.3ms | Allocations: 1241)
  Rendered layout layouts/application.html.erb (Duration: 29.2ms | Allocations: 15435)
Completed 200 OK in 34ms (Views: 30.8ms | ActiveRecord: 0.0ms | Allocations: 16027)


Started POST "/blogs" for ::1 at 2021-12-29 13:35:50 +0530
Processing by BlogsController#create as JS
  Parameters: {"utf8"=>"✓", "authenticity_token"=>"lRiNkiHTzeMMfhkeBc93UnPMlUI8EjAXsW0kwvmvB9tSZqKmwLs0rH0u23nUNQAa4AKlBjwxQaN3jc9yO3opeg==", "blog"=>{"title"=>"shivanjalee", "body"=>"this is my blo\n"}, "commit"=>"Create Blog"}
  [1m[36mTRANSACTION (0.2ms)[0m  [1m[36mbegin transaction[0m
  ↳ app/controllers/blogs_controller.rb:19:in `create'
  [1m[36mBlog Exists? (0.5ms)[0m  [1m[34mSELECT 1 AS one FROM "blogs" WHERE "blogs"."id" IS NOT NULL AND "blogs"."slug" = ? LIMIT ?[0m  [["slug", "shivanjalee"], ["LIMIT", 1]]
  ↳ app/controllers/blogs_controller.rb:19:in `create'
  [1m[36mBlog Create (0.7ms)[0m  [1m[32mINSERT INTO "blogs" ("title", "body", "created_at", "updated_at", "slug") VALUES (?, ?, ?, ?, ?)[0m  [["title", "shivanjalee"], ["body", "this is my blo\n"], ["created_at", "2021-12-29 08:05:50.281166"], ["updated_at", "2021-12-29 08:05:50.281166"], ["slug", "shivanjalee"]]
  ↳ app/controllers/blogs_controller.rb:19:in `create'
  [1m[36mTRANSACTION (3.2ms)[0m  [1m[36mcommit transaction[0m
  ↳ app/controllers/blogs_controller.rb:19:in `create'
Redirected to http://localhost:3000/blogs/shivanjalee
Completed 200 OK in 23ms (ActiveRecord: 4.5ms | Allocations: 4092)


Started GET "/blogs/shivanjalee" for ::1 at 2021-12-29 13:35:50 +0530
Processing by BlogsController#show as HTML
  Parameters: {"id"=>"shivanjalee"}
  [1m[36mBlog Load (0.2ms)[0m  [1m[34mSELECT "blogs".* FROM "blogs" WHERE "blogs"."slug" = ? LIMIT ?[0m  [["slug", "shivanjalee"], ["LIMIT", 1]]
  ↳ app/controllers/blogs_controller.rb:9:in `show'
  Rendering layout layouts/application.html.erb
  Rendering blogs/show.html.erb within layouts/application
  [1m[36mComment Load (0.1ms)[0m  [1m[34mSELECT "comments".* FROM "comments" WHERE "comments"."blog_id" = ?[0m  [["blog_id", 3]]
  ↳ app/views/blogs/show.html.erb:17
  Rendered collection of templates [0 times] (Duration: 0.1ms | Allocations: 13)
  Rendered comments/_form.html.erb (Duration: 2.4ms | Allocations: 968)
  Rendered blogs/show.html.erb within layouts/application (Duration: 5.8ms | Allocations: 2151)
  Rendered layout layouts/application.html.erb (Duration: 14.6ms | Allocations: 16341)
Completed 200 OK in 18ms (Views: 15.0ms | ActiveRecord: 0.3ms | Allocations: 17478)


Started DELETE "/blogs/shivanjalee" for ::1 at 2021-12-29 13:35:51 +0530
Processing by BlogsController#destroy as HTML
  Parameters: {"authenticity_token"=>"Lttxem6tWy6+HSiG/eLQ5+eJnmejNcqUTuYNk56s0wJ5pbKzwb+kiEnvdb645J4rVecBcoxW2k//0ahzWhiV7Q==", "id"=>"shivanjalee"}
  [1m[36mBlog Load (0.5ms)[0m  [1m[34mSELECT "blogs".* FROM "blogs" WHERE "blogs"."slug" = ? LIMIT ?[0m  [["slug", "shivanjalee"], ["LIMIT", 1]]
  ↳ app/controllers/blogs_controller.rb:54:in `find_id'
  [1m[36mTRANSACTION (0.2ms)[0m  [1m[36mbegin transaction[0m
  ↳ app/controllers/blogs_controller.rb:43:in `destroy'
  [1m[36mBlog Destroy (0.5ms)[0m  [1m[31mDELETE FROM "blogs" WHERE "blogs"."id" = ?[0m  [["id", 3]]
  ↳ app/controllers/blogs_controller.rb:43:in `destroy'
  [1m[36mTRANSACTION (8.4ms)[0m  [1m[36mcommit transaction[0m
  ↳ app/controllers/blogs_controller.rb:43:in `destroy'
Redirected to http://localhost:3000/
Completed 302 Found in 22ms (ActiveRecord: 9.6ms | Allocations: 3044)


Started GET "/" for ::1 at 2021-12-29 13:35:51 +0530
Processing by BlogsController#index as HTML
  Rendering layout layouts/application.html.erb
  Rendering blogs/index.html.erb within layouts/application
  [1m[36mBlog Load (0.1ms)[0m  [1m[34mSELECT "blogs".* FROM "blogs"[0m
  ↳ app/views/blogs/index.html.erb:3
  Rendered blogs/index.html.erb within layouts/application (Duration: 1.1ms | Allocations: 502)
  Rendered layout layouts/application.html.erb (Duration: 10.8ms | Allocations: 14691)
Completed 200 OK in 12ms (Views: 11.2ms | ActiveRecord: 0.1ms | Allocations: 15134)


Started GET "/blogs/new" for ::1 at 2021-12-29 13:36:28 +0530
Processing by BlogsController#new as HTML
  Rendering layout layouts/application.html.erb
  Rendering blogs/new.html.erb within layouts/application
  Rendered blogs/_form.html.erb (Duration: 3.0ms | Allocations: 864)
  Rendered blogs/new.html.erb within layouts/application (Duration: 4.2ms | Allocations: 1156)
  Rendered layout layouts/application.html.erb (Duration: 18.2ms | Allocations: 15532)
Completed 200 OK in 23ms (Views: 20.8ms | ActiveRecord: 0.0ms | Allocations: 16727)


Started POST "/blogs" for ::1 at 2021-12-29 13:36:33 +0530
Processing by BlogsController#create as JS
  Parameters: {"utf8"=>"✓", "authenticity_token"=>"omeVrqFSY6fDxq+54EhFTMJpXRWQnGOXe+gkKKngDkVlGbqaQDqa6LKWbd4xsjIEUadtUZC/EiO9CM+YazUg5A==", "blog"=>{"title"=>"shivanjalee", "body"=>"bundle update --bundler"}, "commit"=>"Create Blog"}
  [1m[36mTRANSACTION (0.1ms)[0m  [1m[36mbegin transaction[0m
  ↳ app/controllers/blogs_controller.rb:19:in `create'
  [1m[36mBlog Exists? (0.1ms)[0m  [1m[34mSELECT 1 AS one FROM "blogs" WHERE "blogs"."id" IS NOT NULL AND "blogs"."slug" = ? LIMIT ?[0m  [["slug", "shivanjalee"], ["LIMIT", 1]]
  ↳ app/controllers/blogs_controller.rb:19:in `create'
  [1m[36mBlog Create (0.2ms)[0m  [1m[32mINSERT INTO "blogs" ("title", "body", "created_at", "updated_at", "slug") VALUES (?, ?, ?, ?, ?)[0m  [["title", "shivanjalee"], ["body", "bundle update --bundler"], ["created_at", "2021-12-29 08:06:33.218607"], ["updated_at", "2021-12-29 08:06:33.218607"], ["slug", "shivanjalee"]]
  ↳ app/controllers/blogs_controller.rb:19:in `create'
  [1m[36mTRANSACTION (2.8ms)[0m  [1m[36mcommit transaction[0m
  ↳ app/controllers/blogs_controller.rb:19:in `create'
Redirected to http://localhost:3000/blogs/shivanjalee
Completed 200 OK in 9ms (ActiveRecord: 3.2ms | Allocations: 3950)


Started GET "/blogs/shivanjalee" for ::1 at 2021-12-29 13:36:33 +0530
Processing by BlogsController#show as HTML
  Parameters: {"id"=>"shivanjalee"}
  [1m[36mBlog Load (0.1ms)[0m  [1m[34mSELECT "blogs".* FROM "blogs" WHERE "blogs"."slug" = ? LIMIT ?[0m  [["slug", "shivanjalee"], ["LIMIT", 1]]
  ↳ app/controllers/blogs_controller.rb:9:in `show'
  Rendering layout layouts/application.html.erb
  Rendering blogs/show.html.erb within layouts/application
  [1m[36mComment Load (0.1ms)[0m  [1m[34mSELECT "comments".* FROM "comments" WHERE "comments"."blog_id" = ?[0m  [["blog_id", 4]]
  ↳ app/views/blogs/show.html.erb:17
  Rendered collection of templates [0 times] (Duration: 0.0ms | Allocations: 10)
  Rendered comments/_form.html.erb (Duration: 2.3ms | Allocations: 961)
  Rendered blogs/show.html.erb within layouts/application (Duration: 5.6ms | Allocations: 2124)
  Rendered layout layouts/application.html.erb (Duration: 15.2ms | Allocations: 16314)
Completed 200 OK in 18ms (Views: 15.8ms | ActiveRecord: 0.3ms | Allocations: 17444)


Started DELETE "/blogs/shivanjalee" for ::1 at 2021-12-29 13:37:02 +0530
Processing by BlogsController#destroy as HTML
  Parameters: {"authenticity_token"=>"YxflWg6q/2EgnMvzzfVSErqxmRwD+FUAjWWMVdR0wEk0aSaTobgAx9dulsuI8xzeCN8GCSybRds8Uim1EMCGpg==", "id"=>"shivanjalee"}
  [1m[36mBlog Load (0.1ms)[0m  [1m[34mSELECT "blogs".* FROM "blogs" WHERE "blogs"."slug" = ? LIMIT ?[0m  [["slug", "shivanjalee"], ["LIMIT", 1]]
  ↳ app/controllers/blogs_controller.rb:54:in `find_id'
  [1m[36mTRANSACTION (0.1ms)[0m  [1m[36mbegin transaction[0m
  ↳ app/controllers/blogs_controller.rb:43:in `destroy'
  [1m[36mBlog Destroy (0.3ms)[0m  [1m[31mDELETE FROM "blogs" WHERE "blogs"."id" = ?[0m  [["id", 4]]
  ↳ app/controllers/blogs_controller.rb:43:in `destroy'
  [1m[36mTRANSACTION (7.9ms)[0m  [1m[36mcommit transaction[0m
  ↳ app/controllers/blogs_controller.rb:43:in `destroy'
Redirected to http://localhost:3000/
Completed 302 Found in 13ms (ActiveRecord: 8.4ms | Allocations: 3042)


Started GET "/" for ::1 at 2021-12-29 13:37:02 +0530
Processing by BlogsController#index as HTML
  Rendering layout layouts/application.html.erb
  Rendering blogs/index.html.erb within layouts/application
  [1m[36mBlog Load (0.1ms)[0m  [1m[34mSELECT "blogs".* FROM "blogs"[0m
  ↳ app/views/blogs/index.html.erb:3
  Rendered blogs/index.html.erb within layouts/application (Duration: 1.2ms | Allocations: 758)
  Rendered layout layouts/application.html.erb (Duration: 10.4ms | Allocations: 15134)
Completed 200 OK in 12ms (Views: 11.5ms | ActiveRecord: 0.1ms | Allocations: 16318)


Started GET "/" for ::1 at 2021-12-29 16:28:49 +0530
  [1m[35m (0.3ms)[0m  [1m[34mSELECT sqlite_version(*)[0m
  [1m[35m (0.1ms)[0m  [1m[34mSELECT "schema_migrations"."version" FROM "schema_migrations" ORDER BY "schema_migrations"."version" ASC[0m
Processing by BlogsController#index as HTML
  Rendering layout layouts/application.html.erb
  Rendering blogs/index.html.erb within layouts/application
  [1m[36mBlog Load (0.1ms)[0m  [1m[34mSELECT "blogs".* FROM "blogs"[0m
  ↳ app/views/blogs/index.html.erb:3
  Rendered blogs/index.html.erb within layouts/application (Duration: 1.5ms | Allocations: 936)
  Rendered layout layouts/application.html.erb (Duration: 169.8ms | Allocations: 303785)
Completed 200 OK in 189ms (Views: 171.4ms | ActiveRecord: 0.1ms | Allocations: 309310)


Started GET "/blogs/new" for ::1 at 2021-12-29 16:28:55 +0530
Processing by BlogsController#new as HTML
  Rendering layout layouts/application.html.erb
  Rendering blogs/new.html.erb within layouts/application
  Rendered blogs/_form.html.erb (Duration: 4.4ms | Allocations: 2781)
  Rendered blogs/new.html.erb within layouts/application (Duration: 28.1ms | Allocations: 3091)
  Rendered layout layouts/application.html.erb (Duration: 37.5ms | Allocations: 17287)
Completed 200 OK in 64ms (Views: 38.3ms | ActiveRecord: 2.9ms | Allocations: 21936)


Started GET "/blogs" for ::1 at 2021-12-29 16:29:35 +0530
  [1m[35m (0.3ms)[0m  [1m[34mSELECT sqlite_version(*)[0m
  [1m[35m (0.1ms)[0m  [1m[34mSELECT "schema_migrations"."version" FROM "schema_migrations" ORDER BY "schema_migrations"."version" ASC[0m
Processing by BlogsController#index as HTML
  Rendering layout layouts/application.html.erb
  Rendering blogs/index.html.erb within layouts/application
  [1m[36mBlog Load (0.1ms)[0m  [1m[34mSELECT "blogs".* FROM "blogs"[0m
  ↳ app/views/blogs/index.html.erb:3
  Rendered blogs/index.html.erb within layouts/application (Duration: 1.4ms | Allocations: 936)
  Rendered layout layouts/application.html.erb (Duration: 202.2ms | Allocations: 303771)
Completed 200 OK in 218ms (Views: 203.7ms | ActiveRecord: 0.1ms | Allocations: 309321)


Started GET "/blogs/new" for ::1 at 2021-12-29 16:29:38 +0530
Processing by BlogsController#new as HTML
  Rendering layout layouts/application.html.erb
  Rendering blogs/new.html.erb within layouts/application
  Rendered blogs/_form.html.erb (Duration: 5.5ms | Allocations: 2717)
  Rendered blogs/new.html.erb within layouts/application (Duration: 6.7ms | Allocations: 3027)
  Rendered layout layouts/application.html.erb (Duration: 17.1ms | Allocations: 17222)
Completed 200 OK in 36ms (Views: 17.9ms | ActiveRecord: 2.0ms | Allocations: 21869)


Started POST "/blogs" for ::1 at 2021-12-29 16:29:39 +0530
Processing by BlogsController#create as JS
  Parameters: {"utf8"=>"✓", "authenticity_token"=>"lTwX8Q5lm6ZpgLpCGpsq82xCFveLuSAqr/lJ8KV5KKMFTuRLJl3gWMe5N5DorGV97PDiQcRb2Xyd1teuy1rscQ==", "blog"=>{"title"=>"", "body"=>""}, "commit"=>"Create Blog"}
  Rendering layout layouts/application.html.erb
  Rendering blogs/new.html.erb within layouts/application
  Rendered blogs/_form.html.erb (Duration: 6.2ms | Allocations: 3139)
  Rendered blogs/new.html.erb within layouts/application (Duration: 6.9ms | Allocations: 3347)
  Rendered layout layouts/application.html.erb (Duration: 16.5ms | Allocations: 17540)
Completed 200 OK in 40ms (Views: 17.6ms | ActiveRecord: 0.0ms | Allocations: 40303)


